# JRE version: Java(TM) SE Runtime Environment (8.0_172-b11) (build 1.8.0_172-b11)
# Java VM: Dynamic Code Evolution 64-Bit Server VM (25.71-b01-dcevmlight-14 mixed mode windows-amd64 compressed oops)
Heap:
 def new generation   total 39424K, used 13067K [0x0000000081400000, 0x0000000083ec0000, 0x00000000ab800000)
  eden space 35072K,  27% used [0x0000000081400000, 0x0000000081d64280, 0x0000000083640000)
  from space 4352K,  79% used [0x0000000083640000, 0x000000008399ecb8, 0x0000000083a80000)
  to   space 4352K,   0% used [0x0000000083a80000, 0x0000000083a80000, 0x0000000083ec0000)
 tenured generation   total 87424K, used 38605K [0x00000000ab800000, 0x00000000b0d60000, 0x0000000100000000)
   the space 87424K,  44% used [0x00000000ab800000, 0x00000000addb3400, 0x00000000addb3400, 0x00000000b0d60000)
 Metaspace       used 94576K, capacity 103566K, committed 103896K, reserved 1140736K
  class space    used 11332K, capacity 13177K, committed 13312K, reserved 1048576K
GC Heap History (10 events):
Event: 12275.470 GC heap before
{Heap before GC invocations=1087 (full 68):
 def new generation   total 39424K, used 37748K [0x0000000081400000, 0x0000000083ec0000, 0x00000000ab800000)
  eden space 35072K, 100% used [0x0000000081400000, 0x0000000083640000, 0x0000000083640000)
  from space 4352K,  61% used [0x0000000083a80000, 0x0000000083d1d1b0, 0x0000000083ec0000)
  to   space 4352K,   0% used [0x0000000083640000, 0x0000000083640000, 0x0000000083a80000)
 tenured generation   total 87424K, used 33467K [0x00000000ab800000, 0x00000000b0d60000, 0x0000000100000000)
   the space 87424K,  38% used [0x00000000ab800000, 0x00000000ad8aeea0, 0x00000000ad8af000, 0x00000000b0d60000)
 Metaspace       used 92785K, capacity 100580K, committed 103000K, reserved 1138688K
  class space    used 11032K, capacity 12654K, committed 13184K, reserved 1048576K
Event: 12275.488 GC heap after
Heap after GC invocations=1088 (full 68):
 def new generation   total 39424K, used 2397K [0x0000000081400000, 0x0000000083ec0000, 0x00000000ab800000)
  eden space 35072K,   0% used [0x0000000081400000, 0x0000000081400000, 0x0000000083640000)
  from space 4352K,  55% used [0x0000000083640000, 0x0000000083897528, 0x0000000083a80000)
  to   space 4352K,   0% used [0x0000000083a80000, 0x0000000083a80000, 0x0000000083ec0000)
 tenured generation   total 87424K, used 35926K [0x00000000ab800000, 0x00000000b0d60000, 0x0000000100000000)
   the space 87424K,  41% used [0x00000000ab800000, 0x00000000adb15968, 0x00000000adb15a00, 0x00000000b0d60000)
 Metaspace       used 92785K, capacity 100580K, committed 103000K, reserved 1138688K
  class space    used 11032K, capacity 12654K, committed 13184K, reserved 1048576K
}
Event: 12278.042 GC heap before
{Heap before GC invocations=1088 (full 68):
 def new generation   total 39424K, used 37469K [0x0000000081400000, 0x0000000083ec0000, 0x00000000ab800000)
  eden space 35072K, 100% used [0x0000000081400000, 0x0000000083640000, 0x0000000083640000)
  from space 4352K,  55% used [0x0000000083640000, 0x0000000083897528, 0x0000000083a80000)
  to   space 4352K,   0% used [0x0000000083a80000, 0x0000000083a80000, 0x0000000083ec0000)
 tenured generation   total 87424K, used 35926K [0x00000000ab800000, 0x00000000b0d60000, 0x0000000100000000)
   the space 87424K,  41% used [0x00000000ab800000, 0x00000000adb15968, 0x00000000adb15a00, 0x00000000b0d60000)
 Metaspace       used 92898K, capacity 100834K, committed 103000K, reserved 1138688K
  class space    used 11069K, capacity 12713K, committed 13184K, reserved 1048576K
Event: 12278.063 GC heap after
Heap after GC invocations=1089 (full 68):
 def new generation   total 39424K, used 3276K [0x0000000081400000, 0x0000000083ec0000, 0x00000000ab800000)
  eden space 35072K,   0% used [0x0000000081400000, 0x0000000081400000, 0x0000000083640000)
  from space 4352K,  75% used [0x0000000083a80000, 0x0000000083db3140, 0x0000000083ec0000)
  to   space 4352K,   0% used [0x0000000083640000, 0x0000000083640000, 0x0000000083a80000)
 tenured generation   total 87424K, used 37333K [0x00000000ab800000, 0x00000000b0d60000, 0x0000000100000000)
   the space 87424K,  42% used [0x00000000ab800000, 0x00000000adc75480, 0x00000000adc75600, 0x00000000b0d60000)
 Metaspace       used 92898K, capacity 100834K, committed 103000K, reserved 1138688K
  class space    used 11069K, capacity 12713K, committed 13184K, reserved 1048576K
}
Event: 12280.482 GC heap before
{Heap before GC invocations=1089 (full 68):
 def new generation   total 39424K, used 38333K [0x0000000081400000, 0x0000000083ec0000, 0x00000000ab800000)
  eden space 35072K,  99% used [0x0000000081400000, 0x000000008363c4a0, 0x0000000083640000)
  from space 4352K,  75% used [0x0000000083a80000, 0x0000000083db3140, 0x0000000083ec0000)
  to   space 4352K,   0% used [0x0000000083640000, 0x0000000083640000, 0x0000000083a80000)
 tenured generation   total 87424K, used 37333K [0x00000000ab800000, 0x00000000b0d60000, 0x0000000100000000)
   the space 87424K,  42% used [0x00000000ab800000, 0x00000000adc75480, 0x00000000adc75600, 0x00000000b0d60000)
 Metaspace       used 93207K, capacity 101630K, committed 103000K, reserved 1138688K
  class space    used 11160K, capacity 12858K, committed 13184K, reserved 1048576K
Event: 12280.507 GC heap after
Heap after GC invocations=1090 (full 68):
 def new generation   total 39424K, used 1365K [0x0000000081400000, 0x0000000083ec0000, 0x00000000ab800000)
  eden space 35072K,   0% used [0x0000000081400000, 0x0000000081400000, 0x0000000083640000)
  from space 4352K,  31% used [0x0000000083640000, 0x0000000083795728, 0x0000000083a80000)
  to   space 4352K,   0% used [0x0000000083a80000, 0x0000000083a80000, 0x0000000083ec0000)
 tenured generation   total 87424K, used 38605K [0x00000000ab800000, 0x00000000b0d60000, 0x0000000100000000)
   the space 87424K,  44% used [0x00000000ab800000, 0x00000000addb3400, 0x00000000addb3400, 0x00000000b0d60000)
 Metaspace       used 93207K, capacity 101630K, committed 103000K, reserved 1138688K
  class space    used 11160K, capacity 12858K, committed 13184K, reserved 1048576K
}
Event: 12282.319 GC heap before
{Heap before GC invocations=1090 (full 68):
 def new generation   total 39424K, used 36437K [0x0000000081400000, 0x0000000083ec0000, 0x00000000ab800000)
  eden space 35072K, 100% used [0x0000000081400000, 0x0000000083640000, 0x0000000083640000)
  from space 4352K,  31% used [0x0000000083640000, 0x0000000083795728, 0x0000000083a80000)
  to   space 4352K,   0% used [0x0000000083a80000, 0x0000000083a80000, 0x0000000083ec0000)
 tenured generation   total 87424K, used 38605K [0x00000000ab800000, 0x00000000b0d60000, 0x0000000100000000)
   the space 87424K,  44% used [0x00000000ab800000, 0x00000000addb3400, 0x00000000addb3400, 0x00000000b0d60000)
 Metaspace       used 93288K, capacity 101828K, committed 103000K, reserved 1138688K
  class space    used 11187K, capacity 12901K, committed 13184K, reserved 1048576K
Event: 12282.332 GC heap after
Heap after GC invocations=1091 (full 68):
 def new generation   total 39424K, used 1925K [0x0000000081400000, 0x0000000083ec0000, 0x00000000ab800000)
  eden space 35072K,   0% used [0x0000000081400000, 0x0000000081400000, 0x0000000083640000)
  from space 4352K,  44% used [0x0000000083a80000, 0x0000000083c61738, 0x0000000083ec0000)
  to   space 4352K,   0% used [0x0000000083640000, 0x0000000083640000, 0x0000000083a80000)
 tenured generation   total 87424K, used 38605K [0x00000000ab800000, 0x00000000b0d60000, 0x0000000100000000)
   the space 87424K,  44% used [0x00000000ab800000, 0x00000000addb3400, 0x00000000addb3400, 0x00000000b0d60000)
 Metaspace       used 93288K, capacity 101828K, committed 103000K, reserved 1138688K
  class space    used 11187K, capacity 12901K, committed 13184K, reserved 1048576K
}
Event: 12285.509 GC heap before
{Heap before GC invocations=1091 (full 68):
 def new generation   total 39424K, used 36997K [0x0000000081400000, 0x0000000083ec0000, 0x00000000ab800000)
  eden space 35072K, 100% used [0x0000000081400000, 0x0000000083640000, 0x0000000083640000)
  from space 4352K,  44% used [0x0000000083a80000, 0x0000000083c61738, 0x0000000083ec0000)
  to   space 4352K,   0% used [0x0000000083640000, 0x0000000083640000, 0x0000000083a80000)
 tenured generation   total 87424K, used 38605K [0x00000000ab800000, 0x00000000b0d60000, 0x0000000100000000)
   the space 87424K,  44% used [0x00000000ab800000, 0x00000000addb3400, 0x00000000addb3400, 0x00000000b0d60000)
 Metaspace       used 93595K, capacity 102430K, committed 103000K, reserved 1138688K
  class space    used 11254K, capacity 13021K, committed 13184K, reserved 1048576K
Event: 12285.527 GC heap after
Heap after GC invocations=1092 (full 68):
 def new generation   total 39424K, used 3451K [0x0000000081400000, 0x0000000083ec0000, 0x00000000ab800000)
  eden space 35072K,   0% used [0x0000000081400000, 0x0000000081400000, 0x0000000083640000)
  from space 4352K,  79% used [0x0000000083640000, 0x000000008399ecb8, 0x0000000083a80000)
  to   space 4352K,   0% used [0x0000000083a80000, 0x0000000083a80000, 0x0000000083ec0000)
 tenured generation   total 87424K, used 38605K [0x00000000ab800000, 0x00000000b0d60000, 0x0000000100000000)
   the space 87424K,  44% used [0x00000000ab800000, 0x00000000addb3400, 0x00000000addb3400, 0x00000000b0d60000)
 Metaspace       used 93595K, capacity 102430K, committed 103000K, reserved 1138688K
  class space    used 11254K, capacity 13021K, committed 13184K, reserved 1048576K
}

